<?xml version="1.0" encoding="UTF-8"?>
<testsuite name="com.hanzoel.book.springboot.HelloControllerTest" tests="2" skipped="0" failures="0" errors="0" timestamp="2020-01-15T05:32:36" hostname="DESKTOP-2376D52" time="0.052">
  <properties/>
  <testcase name="hello_be_returned" classname="com.hanzoel.book.springboot.HelloControllerTest" time="0.019"/>
  <testcase name="helloDto_be_returned" classname="com.hanzoel.book.springboot.HelloControllerTest" time="0.033"/>
  <system-out><![CDATA[2020-01-15 14:32:35.967  INFO 20428 --- [    Test worker] .b.t.a.w.s.WebMvcTestContextBootstrapper : Neither @ContextConfiguration nor @ContextHierarchy found for test class [com.hanzoel.book.springboot.HelloControllerTest], using SpringBootContextLoader
2020-01-15 14:32:35.968  INFO 20428 --- [    Test worker] o.s.t.c.support.AbstractContextLoader    : Could not detect default resource locations for test class [com.hanzoel.book.springboot.HelloControllerTest]: no resource found for suffixes {-context.xml, Context.groovy}.
2020-01-15 14:32:35.968  INFO 20428 --- [    Test worker] t.c.s.AnnotationConfigContextLoaderUtils : Could not detect default configuration classes for test class [com.hanzoel.book.springboot.HelloControllerTest]: HelloControllerTest does not declare any static, non-private, non-final, nested classes annotated with @Configuration.
2020-01-15 14:32:35.989  INFO 20428 --- [    Test worker] .b.t.c.SpringBootTestContextBootstrapper : Found @SpringBootConfiguration com.hanzoel.book.springboot.Application for test class com.hanzoel.book.springboot.HelloControllerTest
2020-01-15 14:32:35.989  INFO 20428 --- [    Test worker] .b.t.a.w.s.WebMvcTestContextBootstrapper : Loaded default TestExecutionListener class names from location [META-INF/spring.factories]: [org.springframework.security.test.context.support.WithSecurityContextTestExecutionListener, org.springframework.security.test.context.support.ReactorContextTestExecutionListener, org.springframework.boot.test.autoconfigure.restdocs.RestDocsTestExecutionListener, org.springframework.boot.test.autoconfigure.web.client.MockRestServiceServerResetTestExecutionListener, org.springframework.boot.test.autoconfigure.web.servlet.MockMvcPrintOnlyOnFailureTestExecutionListener, org.springframework.boot.test.autoconfigure.web.servlet.WebDriverTestExecutionListener, org.springframework.boot.test.mock.mockito.MockitoTestExecutionListener, org.springframework.boot.test.mock.mockito.ResetMocksTestExecutionListener, org.springframework.test.context.web.ServletTestExecutionListener, org.springframework.test.context.support.DirtiesContextBeforeModesTestExecutionListener, org.springframework.test.context.support.DependencyInjectionTestExecutionListener, org.springframework.test.context.support.DirtiesContextTestExecutionListener, org.springframework.test.context.transaction.TransactionalTestExecutionListener, org.springframework.test.context.jdbc.SqlScriptsTestExecutionListener]
2020-01-15 14:32:35.990  INFO 20428 --- [    Test worker] .b.t.a.w.s.WebMvcTestContextBootstrapper : Using TestExecutionListeners: [org.springframework.test.context.web.ServletTestExecutionListener@15af6b4d, org.springframework.test.context.support.DirtiesContextBeforeModesTestExecutionListener@3b302c7e, org.springframework.boot.test.mock.mockito.MockitoTestExecutionListener@3a5402cb, org.springframework.boot.test.autoconfigure.SpringBootDependencyInjectionTestExecutionListener@4986a5a7, org.springframework.test.context.support.DirtiesContextTestExecutionListener@271d4ad9, org.springframework.test.context.transaction.TransactionalTestExecutionListener@1df4d198, org.springframework.test.context.jdbc.SqlScriptsTestExecutionListener@7accab7, org.springframework.security.test.context.support.WithSecurityContextTestExecutionListener@7bfbfc78, org.springframework.security.test.context.support.ReactorContextTestExecutionListener@36fd2a5c, org.springframework.boot.test.autoconfigure.restdocs.RestDocsTestExecutionListener@d3e550a, org.springframework.boot.test.autoconfigure.web.client.MockRestServiceServerResetTestExecutionListener@6ca6df68, org.springframework.boot.test.autoconfigure.web.servlet.MockMvcPrintOnlyOnFailureTestExecutionListener@489af6b8, org.springframework.boot.test.autoconfigure.web.servlet.WebDriverTestExecutionListener@176a9a3d, org.springframework.boot.test.mock.mockito.ResetMocksTestExecutionListener@68030bdf]

  .   ____          _            __ _ _
 /\\ / ___'_ __ _ _(_)_ __  __ _ \ \ \ \
( ( )\___ | '_ | '_| | '_ \/ _` | \ \ \ \
 \\/  ___)| |_)| | | | | || (_| |  ) ) ) )
  '  |____| .__|_| |_|_| |_\__, | / / / /
 =========|_|==============|___/=/_/_/_/
 :: Spring Boot ::        (v2.1.7.RELEASE)

2020-01-15 14:32:36.018  INFO 20428 --- [    Test worker] c.h.book.springboot.HelloControllerTest  : Starting HelloControllerTest on DESKTOP-2376D52 with PID 20428 (started by hw012 in C:\Users\hw012\IdeaProjects\freelec-springboot2-webservice)
2020-01-15 14:32:36.019  INFO 20428 --- [    Test worker] c.h.book.springboot.HelloControllerTest  : No active profile set, falling back to default profiles: default
2020-01-15 14:32:36.485  INFO 20428 --- [    Test worker] o.s.s.concurrent.ThreadPoolTaskExecutor  : Initializing ExecutorService 'applicationTaskExecutor'
2020-01-15 14:32:36.517  INFO 20428 --- [    Test worker] o.s.b.a.w.s.WelcomePageHandlerMapping    : Adding welcome page template: index
2020-01-15 14:32:36.733  INFO 20428 --- [    Test worker] .s.s.UserDetailsServiceAutoConfiguration : 

Using generated security password: e1402c27-a4d8-4204-85c5-fad98d402daa

2020-01-15 14:32:36.868  INFO 20428 --- [    Test worker] o.s.s.web.DefaultSecurityFilterChain     : Creating filter chain: any request, [org.springframework.security.web.context.request.async.WebAsyncManagerIntegrationFilter@cb7bdb0, org.springframework.security.web.context.SecurityContextPersistenceFilter@603434f1, org.springframework.security.web.header.HeaderWriterFilter@6c537a03, org.springframework.security.web.csrf.CsrfFilter@5abbb12d, org.springframework.security.web.authentication.logout.LogoutFilter@1c52e91c, org.springframework.security.web.authentication.UsernamePasswordAuthenticationFilter@281fe55d, org.springframework.security.web.authentication.ui.DefaultLoginPageGeneratingFilter@d0ad082, org.springframework.security.web.authentication.ui.DefaultLogoutPageGeneratingFilter@65d903bd, org.springframework.security.web.authentication.www.BasicAuthenticationFilter@2fb36b5b, org.springframework.security.web.savedrequest.RequestCacheAwareFilter@25a45e04, org.springframework.security.web.servletapi.SecurityContextHolderAwareRequestFilter@52d0bbd1, org.springframework.security.web.authentication.AnonymousAuthenticationFilter@510445ee, org.springframework.security.web.session.SessionManagementFilter@6be69c7d, org.springframework.security.web.access.ExceptionTranslationFilter@384fb340, org.springframework.security.web.access.intercept.FilterSecurityInterceptor@52c4dac5]
2020-01-15 14:32:36.881  INFO 20428 --- [    Test worker] o.s.b.t.m.w.SpringBootMockServletContext : Initializing Spring TestDispatcherServlet ''
2020-01-15 14:32:36.881  INFO 20428 --- [    Test worker] o.s.t.web.servlet.TestDispatcherServlet  : Initializing Servlet ''
2020-01-15 14:32:36.890  INFO 20428 --- [    Test worker] o.s.t.web.servlet.TestDispatcherServlet  : Completed initialization in 9 ms
2020-01-15 14:32:36.916  INFO 20428 --- [    Test worker] c.h.book.springboot.HelloControllerTest  : Started HelloControllerTest in 0.923 seconds (JVM running for 12.478)
]]></system-out>
  <system-err><![CDATA[]]></system-err>
</testsuite>
