<?xml version="1.0" encoding="UTF-8"?>
<testsuite name="com.hanzoel.book.springboot.HelloControllerTest" tests="2" skipped="0" failures="0" errors="0" timestamp="2020-02-07T03:44:26" hostname="DESKTOP-2376D52" time="0.182">
  <properties/>
  <testcase name="hello_be_returned" classname="com.hanzoel.book.springboot.HelloControllerTest" time="0.086"/>
  <testcase name="helloDto_be_returned" classname="com.hanzoel.book.springboot.HelloControllerTest" time="0.095"/>
  <system-out><![CDATA[2020-02-07 12:44:25.607  INFO 18400 --- [    Test worker] .b.t.a.w.s.WebMvcTestContextBootstrapper : Neither @ContextConfiguration nor @ContextHierarchy found for test class [com.hanzoel.book.springboot.HelloControllerTest], using SpringBootContextLoader
2020-02-07 12:44:25.607  INFO 18400 --- [    Test worker] o.s.t.c.support.AbstractContextLoader    : Could not detect default resource locations for test class [com.hanzoel.book.springboot.HelloControllerTest]: no resource found for suffixes {-context.xml, Context.groovy}.
2020-02-07 12:44:25.607  INFO 18400 --- [    Test worker] t.c.s.AnnotationConfigContextLoaderUtils : Could not detect default configuration classes for test class [com.hanzoel.book.springboot.HelloControllerTest]: HelloControllerTest does not declare any static, non-private, non-final, nested classes annotated with @Configuration.
2020-02-07 12:44:25.669  INFO 18400 --- [    Test worker] .b.t.c.SpringBootTestContextBootstrapper : Found @SpringBootConfiguration com.hanzoel.book.springboot.Application for test class com.hanzoel.book.springboot.HelloControllerTest
2020-02-07 12:44:25.669  INFO 18400 --- [    Test worker] .b.t.a.w.s.WebMvcTestContextBootstrapper : Loaded default TestExecutionListener class names from location [META-INF/spring.factories]: [org.springframework.security.test.context.support.WithSecurityContextTestExecutionListener, org.springframework.security.test.context.support.ReactorContextTestExecutionListener, org.springframework.boot.test.autoconfigure.restdocs.RestDocsTestExecutionListener, org.springframework.boot.test.autoconfigure.web.client.MockRestServiceServerResetTestExecutionListener, org.springframework.boot.test.autoconfigure.web.servlet.MockMvcPrintOnlyOnFailureTestExecutionListener, org.springframework.boot.test.autoconfigure.web.servlet.WebDriverTestExecutionListener, org.springframework.boot.test.mock.mockito.MockitoTestExecutionListener, org.springframework.boot.test.mock.mockito.ResetMocksTestExecutionListener, org.springframework.test.context.web.ServletTestExecutionListener, org.springframework.test.context.support.DirtiesContextBeforeModesTestExecutionListener, org.springframework.test.context.support.DependencyInjectionTestExecutionListener, org.springframework.test.context.support.DirtiesContextTestExecutionListener, org.springframework.test.context.transaction.TransactionalTestExecutionListener, org.springframework.test.context.jdbc.SqlScriptsTestExecutionListener]
2020-02-07 12:44:25.685  INFO 18400 --- [    Test worker] .b.t.a.w.s.WebMvcTestContextBootstrapper : Using TestExecutionListeners: [org.springframework.test.context.web.ServletTestExecutionListener@7456c043, org.springframework.test.context.support.DirtiesContextBeforeModesTestExecutionListener@463dae6a, org.springframework.boot.test.mock.mockito.MockitoTestExecutionListener@37d38f33, org.springframework.boot.test.autoconfigure.SpringBootDependencyInjectionTestExecutionListener@d251312, org.springframework.test.context.support.DirtiesContextTestExecutionListener@4fb39e2d, org.springframework.test.context.transaction.TransactionalTestExecutionListener@6456374f, org.springframework.test.context.jdbc.SqlScriptsTestExecutionListener@4fd786e1, org.springframework.security.test.context.support.WithSecurityContextTestExecutionListener@6a4fb18a, org.springframework.security.test.context.support.ReactorContextTestExecutionListener@395e0818, org.springframework.boot.test.autoconfigure.restdocs.RestDocsTestExecutionListener@6c67ac33, org.springframework.boot.test.autoconfigure.web.client.MockRestServiceServerResetTestExecutionListener@1f74dfd0, org.springframework.boot.test.autoconfigure.web.servlet.MockMvcPrintOnlyOnFailureTestExecutionListener@8a0fe55, org.springframework.boot.test.autoconfigure.web.servlet.WebDriverTestExecutionListener@41772991, org.springframework.boot.test.mock.mockito.ResetMocksTestExecutionListener@10a003b8]

  .   ____          _            __ _ _
 /\\ / ___'_ __ _ _(_)_ __  __ _ \ \ \ \
( ( )\___ | '_ | '_| | '_ \/ _` | \ \ \ \
 \\/  ___)| |_)| | | | | || (_| |  ) ) ) )
  '  |____| .__|_| |_|_| |_\__, | / / / /
 =========|_|==============|___/=/_/_/_/
 :: Spring Boot ::        (v2.1.7.RELEASE)

2020-02-07 12:44:25.747  INFO 18400 --- [    Test worker] c.h.book.springboot.HelloControllerTest  : Starting HelloControllerTest on DESKTOP-2376D52 with PID 18400 (started by hw012 in C:\Users\hw012\IdeaProjects\freelec-springboot2-webservice)
2020-02-07 12:44:25.779  INFO 18400 --- [    Test worker] c.h.book.springboot.HelloControllerTest  : No active profile set, falling back to default profiles: default
2020-02-07 12:44:26.341  INFO 18400 --- [    Test worker] o.s.s.concurrent.ThreadPoolTaskExecutor  : Initializing ExecutorService 'applicationTaskExecutor'
2020-02-07 12:44:26.388  INFO 18400 --- [    Test worker] o.s.b.a.w.s.WelcomePageHandlerMapping    : Adding welcome page template: index
2020-02-07 12:44:26.622  INFO 18400 --- [    Test worker] .s.s.UserDetailsServiceAutoConfiguration : 

Using generated security password: 0ada8c34-ca45-4626-b1be-495d74ef797f

2020-02-07 12:44:26.747  INFO 18400 --- [    Test worker] o.s.s.web.DefaultSecurityFilterChain     : Creating filter chain: any request, [org.springframework.security.web.context.request.async.WebAsyncManagerIntegrationFilter@3bd843d0, org.springframework.security.web.context.SecurityContextPersistenceFilter@573ddbd9, org.springframework.security.web.header.HeaderWriterFilter@1cbac40d, org.springframework.security.web.csrf.CsrfFilter@c13655b, org.springframework.security.web.authentication.logout.LogoutFilter@51a1415, org.springframework.security.web.authentication.UsernamePasswordAuthenticationFilter@166c4edc, org.springframework.security.web.authentication.ui.DefaultLoginPageGeneratingFilter@777a2189, org.springframework.security.web.authentication.ui.DefaultLogoutPageGeneratingFilter@592d00a6, org.springframework.security.web.authentication.www.BasicAuthenticationFilter@5be7025d, org.springframework.security.web.savedrequest.RequestCacheAwareFilter@140c22bd, org.springframework.security.web.servletapi.SecurityContextHolderAwareRequestFilter@5e5c169d, org.springframework.security.web.authentication.AnonymousAuthenticationFilter@3a3b0434, org.springframework.security.web.session.SessionManagementFilter@b94437c, org.springframework.security.web.access.ExceptionTranslationFilter@37fe8192, org.springframework.security.web.access.intercept.FilterSecurityInterceptor@650f6990]
2020-02-07 12:44:26.778  INFO 18400 --- [    Test worker] o.s.b.t.m.w.SpringBootMockServletContext : Initializing Spring TestDispatcherServlet ''
2020-02-07 12:44:26.778  INFO 18400 --- [    Test worker] o.s.t.web.servlet.TestDispatcherServlet  : Initializing Servlet ''
2020-02-07 12:44:26.794  INFO 18400 --- [    Test worker] o.s.t.web.servlet.TestDispatcherServlet  : Completed initialization in 16 ms
2020-02-07 12:44:26.825  INFO 18400 --- [    Test worker] c.h.book.springboot.HelloControllerTest  : Started HelloControllerTest in 1.14 seconds (JVM running for 9.686)
]]></system-out>
  <system-err><![CDATA[]]></system-err>
</testsuite>
