<?xml version="1.0" encoding="UTF-8"?>
<testsuite name="com.hanzoel.book.springboot.HelloControllerTest" tests="2" skipped="0" failures="0" errors="0" timestamp="2020-01-20T07:04:13" hostname="DESKTOP-2376D52" time="0.213">
  <properties/>
  <testcase name="hello_be_returned" classname="com.hanzoel.book.springboot.HelloControllerTest" time="0.114"/>
  <testcase name="helloDto_be_returned" classname="com.hanzoel.book.springboot.HelloControllerTest" time="0.099"/>
  <system-out><![CDATA[2020-01-20 16:04:12.233  INFO 19704 --- [    Test worker] .b.t.a.w.s.WebMvcTestContextBootstrapper : Neither @ContextConfiguration nor @ContextHierarchy found for test class [com.hanzoel.book.springboot.HelloControllerTest], using SpringBootContextLoader
2020-01-20 16:04:12.234  INFO 19704 --- [    Test worker] o.s.t.c.support.AbstractContextLoader    : Could not detect default resource locations for test class [com.hanzoel.book.springboot.HelloControllerTest]: no resource found for suffixes {-context.xml, Context.groovy}.
2020-01-20 16:04:12.235  INFO 19704 --- [    Test worker] t.c.s.AnnotationConfigContextLoaderUtils : Could not detect default configuration classes for test class [com.hanzoel.book.springboot.HelloControllerTest]: HelloControllerTest does not declare any static, non-private, non-final, nested classes annotated with @Configuration.
2020-01-20 16:04:12.286  INFO 19704 --- [    Test worker] .b.t.c.SpringBootTestContextBootstrapper : Found @SpringBootConfiguration com.hanzoel.book.springboot.Application for test class com.hanzoel.book.springboot.HelloControllerTest
2020-01-20 16:04:12.288  INFO 19704 --- [    Test worker] .b.t.a.w.s.WebMvcTestContextBootstrapper : Loaded default TestExecutionListener class names from location [META-INF/spring.factories]: [org.springframework.security.test.context.support.WithSecurityContextTestExecutionListener, org.springframework.security.test.context.support.ReactorContextTestExecutionListener, org.springframework.boot.test.autoconfigure.restdocs.RestDocsTestExecutionListener, org.springframework.boot.test.autoconfigure.web.client.MockRestServiceServerResetTestExecutionListener, org.springframework.boot.test.autoconfigure.web.servlet.MockMvcPrintOnlyOnFailureTestExecutionListener, org.springframework.boot.test.autoconfigure.web.servlet.WebDriverTestExecutionListener, org.springframework.boot.test.mock.mockito.MockitoTestExecutionListener, org.springframework.boot.test.mock.mockito.ResetMocksTestExecutionListener, org.springframework.test.context.web.ServletTestExecutionListener, org.springframework.test.context.support.DirtiesContextBeforeModesTestExecutionListener, org.springframework.test.context.support.DependencyInjectionTestExecutionListener, org.springframework.test.context.support.DirtiesContextTestExecutionListener, org.springframework.test.context.transaction.TransactionalTestExecutionListener, org.springframework.test.context.jdbc.SqlScriptsTestExecutionListener]
2020-01-20 16:04:12.291  INFO 19704 --- [    Test worker] .b.t.a.w.s.WebMvcTestContextBootstrapper : Using TestExecutionListeners: [org.springframework.test.context.web.ServletTestExecutionListener@7c83bf2e, org.springframework.test.context.support.DirtiesContextBeforeModesTestExecutionListener@199de506, org.springframework.boot.test.mock.mockito.MockitoTestExecutionListener@608055df, org.springframework.boot.test.autoconfigure.SpringBootDependencyInjectionTestExecutionListener@6df0b9aa, org.springframework.test.context.support.DirtiesContextTestExecutionListener@c6b11f5, org.springframework.test.context.transaction.TransactionalTestExecutionListener@7a2870ab, org.springframework.test.context.jdbc.SqlScriptsTestExecutionListener@18e4ec9c, org.springframework.security.test.context.support.WithSecurityContextTestExecutionListener@70b13bc3, org.springframework.security.test.context.support.ReactorContextTestExecutionListener@24016899, org.springframework.boot.test.autoconfigure.restdocs.RestDocsTestExecutionListener@1d15e99a, org.springframework.boot.test.autoconfigure.web.client.MockRestServiceServerResetTestExecutionListener@22aa76a8, org.springframework.boot.test.autoconfigure.web.servlet.MockMvcPrintOnlyOnFailureTestExecutionListener@5b3c2e1d, org.springframework.boot.test.autoconfigure.web.servlet.WebDriverTestExecutionListener@7456c043, org.springframework.boot.test.mock.mockito.ResetMocksTestExecutionListener@463dae6a]

  .   ____          _            __ _ _
 /\\ / ___'_ __ _ _(_)_ __  __ _ \ \ \ \
( ( )\___ | '_ | '_| | '_ \/ _` | \ \ \ \
 \\/  ___)| |_)| | | | | || (_| |  ) ) ) )
  '  |____| .__|_| |_|_| |_\__, | / / / /
 =========|_|==============|___/=/_/_/_/
 :: Spring Boot ::        (v2.1.7.RELEASE)

2020-01-20 16:04:12.395  INFO 19704 --- [    Test worker] c.h.book.springboot.HelloControllerTest  : Starting HelloControllerTest on DESKTOP-2376D52 with PID 19704 (started by hw012 in C:\Users\hw012\IdeaProjects\freelec-springboot2-webservice)
2020-01-20 16:04:12.402  INFO 19704 --- [    Test worker] c.h.book.springboot.HelloControllerTest  : No active profile set, falling back to default profiles: default
2020-01-20 16:04:12.974  INFO 19704 --- [    Test worker] o.s.s.concurrent.ThreadPoolTaskExecutor  : Initializing ExecutorService 'applicationTaskExecutor'
2020-01-20 16:04:13.018  INFO 19704 --- [    Test worker] o.s.b.a.w.s.WelcomePageHandlerMapping    : Adding welcome page template: index
2020-01-20 16:04:13.250  INFO 19704 --- [    Test worker] .s.s.UserDetailsServiceAutoConfiguration : 

Using generated security password: 4dd95eba-a796-402e-bf9c-e125982cdd48

2020-01-20 16:04:13.390  INFO 19704 --- [    Test worker] o.s.s.web.DefaultSecurityFilterChain     : Creating filter chain: any request, [org.springframework.security.web.context.request.async.WebAsyncManagerIntegrationFilter@777a2189, org.springframework.security.web.context.SecurityContextPersistenceFilter@30f3bcd, org.springframework.security.web.header.HeaderWriterFilter@611576fe, org.springframework.security.web.csrf.CsrfFilter@6188410e, org.springframework.security.web.authentication.logout.LogoutFilter@6782d694, org.springframework.security.web.authentication.UsernamePasswordAuthenticationFilter@37fe8192, org.springframework.security.web.authentication.ui.DefaultLoginPageGeneratingFilter@16c1f598, org.springframework.security.web.authentication.ui.DefaultLogoutPageGeneratingFilter@4ea0dfac, org.springframework.security.web.authentication.www.BasicAuthenticationFilter@140c22bd, org.springframework.security.web.savedrequest.RequestCacheAwareFilter@2834f29d, org.springframework.security.web.servletapi.SecurityContextHolderAwareRequestFilter@62dcc3e3, org.springframework.security.web.authentication.AnonymousAuthenticationFilter@3bcc050f, org.springframework.security.web.session.SessionManagementFilter@4236dbe3, org.springframework.security.web.access.ExceptionTranslationFilter@535f09f8, org.springframework.security.web.access.intercept.FilterSecurityInterceptor@7dd4343b]
2020-01-20 16:04:13.433  INFO 19704 --- [    Test worker] o.s.b.t.m.w.SpringBootMockServletContext : Initializing Spring TestDispatcherServlet ''
2020-01-20 16:04:13.433  INFO 19704 --- [    Test worker] o.s.t.web.servlet.TestDispatcherServlet  : Initializing Servlet ''
2020-01-20 16:04:13.447  INFO 19704 --- [    Test worker] o.s.t.web.servlet.TestDispatcherServlet  : Completed initialization in 13 ms
2020-01-20 16:04:13.476  INFO 19704 --- [    Test worker] c.h.book.springboot.HelloControllerTest  : Started HelloControllerTest in 1.155 seconds (JVM running for 10.358)
]]></system-out>
  <system-err><![CDATA[]]></system-err>
</testsuite>
